NGRAM_SIZE = 6
EMBEDDING_DIM = 50
BATCH_SIZE = 400
INITIAL_LEARNING_RATE = 0.1

Start Training
| epoch 1 | 200/ 1639 batches | lr 0.1000 | ms/batch 6.49 | loss 10.59 | ppl 40948.88
| epoch 1 | 400/ 1639 batches | lr 0.1000 | ms/batch 6.37 | loss 10.27 | ppl 28970.70
| epoch 1 | 600/ 1639 batches | lr 0.1000 | ms/batch 6.39 | loss 10.10 | ppl 24651.83
| epoch 1 | 800/ 1639 batches | lr 0.1000 | ms/batch 6.40 | loss 9.98 | ppl 21726.55
| epoch 1 | 1000/ 1639 batches | lr 0.1000 | ms/batch 6.38 | loss 9.85 | ppl 19199.55
| epoch 1 | 1200/ 1639 batches | lr 0.1000 | ms/batch 6.38 | loss 9.73 | ppl 17015.99
| epoch 1 | 1400/ 1639 batches | lr 0.1000 | ms/batch 6.37 | loss 9.63 | ppl 15368.27
| epoch 1 | 1600/ 1639 batches | lr 0.1000 | ms/batch 6.38 | loss 9.55 | ppl 14211.18
-------------------------------------------------------------------
| end of epoch 1 | time: 51.46s | valid loss 8.73 | valid ppl 6256.98
-------------------------------------------------------------------
Start Training
| epoch 2 | 200/ 1639 batches | lr 0.0900 | ms/batch 6.37 | loss 9.43 | ppl 12621.78
| epoch 2 | 400/ 1639 batches | lr 0.0900 | ms/batch 6.39 | loss 9.38 | ppl 12025.23
| epoch 2 | 600/ 1639 batches | lr 0.0900 | ms/batch 6.39 | loss 9.32 | ppl 11308.26
| epoch 2 | 800/ 1639 batches | lr 0.0900 | ms/batch 6.40 | loss 9.31 | ppl 11088.66
| epoch 2 | 1000/ 1639 batches | lr 0.0900 | ms/batch 6.40 | loss 9.25 | ppl 10539.41
| epoch 2 | 1200/ 1639 batches | lr 0.0900 | ms/batch 6.45 | loss 9.21 | ppl 10085.21
| epoch 2 | 1400/ 1639 batches | lr 0.0900 | ms/batch 6.39 | loss 9.17 | ppl 9687.58
| epoch 2 | 1600/ 1639 batches | lr 0.0900 | ms/batch 6.42 | loss 9.15 | ppl 9493.69
-------------------------------------------------------------------
| end of epoch 2 | time: 51.56s | valid loss 8.38 | valid ppl 4394.49
-------------------------------------------------------------------
Start Training
| epoch 3 | 200/ 1639 batches | lr 0.0810 | ms/batch 6.43 | loss 9.10 | ppl 8993.19
| epoch 3 | 400/ 1639 batches | lr 0.0810 | ms/batch 6.41 | loss 9.09 | ppl 8931.05
| epoch 3 | 600/ 1639 batches | lr 0.0810 | ms/batch 6.39 | loss 9.05 | ppl 8632.66
| epoch 3 | 800/ 1639 batches | lr 0.0810 | ms/batch 6.43 | loss 9.03 | ppl 8458.47
| epoch 3 | 1000/ 1639 batches | lr 0.0810 | ms/batch 6.40 | loss 9.04 | ppl 8541.10
| epoch 3 | 1200/ 1639 batches | lr 0.0810 | ms/batch 6.40 | loss 9.04 | ppl 8502.48
| epoch 3 | 1400/ 1639 batches | lr 0.0810 | ms/batch 6.40 | loss 8.98 | ppl 8035.20
| epoch 3 | 1600/ 1639 batches | lr 0.0810 | ms/batch 6.39 | loss 8.98 | ppl 7989.12
-------------------------------------------------------------------
| end of epoch 3 | time: 51.68s | valid loss 8.23 | valid ppl 3800.33
-------------------------------------------------------------------
Start Training
| epoch 4 | 200/ 1639 batches | lr 0.0729 | ms/batch 6.41 | loss 8.96 | ppl 7853.67
| epoch 4 | 400/ 1639 batches | lr 0.0729 | ms/batch 6.42 | loss 8.94 | ppl 7741.89
| epoch 4 | 600/ 1639 batches | lr 0.0729 | ms/batch 6.41 | loss 8.92 | ppl 7561.88
| epoch 4 | 800/ 1639 batches | lr 0.0729 | ms/batch 6.46 | loss 8.93 | ppl 7621.17
| epoch 4 | 1000/ 1639 batches | lr 0.0729 | ms/batch 6.41 | loss 8.92 | ppl 7533.53
| epoch 4 | 1200/ 1639 batches | lr 0.0729 | ms/batch 6.39 | loss 8.90 | ppl 7409.44
| epoch 4 | 1400/ 1639 batches | lr 0.0729 | ms/batch 6.40 | loss 8.91 | ppl 7512.39
| epoch 4 | 1600/ 1639 batches | lr 0.0729 | ms/batch 6.46 | loss 8.89 | ppl 7344.90
-------------------------------------------------------------------
| end of epoch 4 | time: 51.62s | valid loss 8.18 | valid ppl 3617.25
-------------------------------------------------------------------
Start Training
| epoch 5 | 200/ 1639 batches | lr 0.0656 | ms/batch 6.43 | loss 8.86 | ppl 7147.90
| epoch 5 | 400/ 1639 batches | lr 0.0656 | ms/batch 6.43 | loss 8.87 | ppl 7169.84
| epoch 5 | 600/ 1639 batches | lr 0.0656 | ms/batch 6.38 | loss 8.88 | ppl 7231.18
| epoch 5 | 800/ 1639 batches | lr 0.0656 | ms/batch 6.42 | loss 8.85 | ppl 7084.30
| epoch 5 | 1000/ 1639 batches | lr 0.0656 | ms/batch 6.41 | loss 8.84 | ppl 6964.78
| epoch 5 | 1200/ 1639 batches | lr 0.0656 | ms/batch 6.40 | loss 8.84 | ppl 6996.57
| epoch 5 | 1400/ 1639 batches | lr 0.0656 | ms/batch 6.39 | loss 8.83 | ppl 6894.17
| epoch 5 | 1600/ 1639 batches | lr 0.0656 | ms/batch 6.46 | loss 8.84 | ppl 6984.92
-------------------------------------------------------------------
| end of epoch 5 | time: 51.54s | valid loss 8.14 | valid ppl 3469.74